--- SIGCHLD {si_signo=SIGCHLD, si_code=CLD_EXITED, si_pid=11756, si_uid=1000, si_status=0, si_utime=0, si_stime=0} ---
--- SIGCHLD {si_signo=SIGCHLD, si_code=CLD_EXITED, si_pid=11757, si_uid=1000, si_status=0, si_utime=0, si_stime=0} ---
--- SIGCHLD {si_signo=SIGCHLD, si_code=CLD_EXITED, si_pid=11764, si_uid=1000, si_status=0, si_utime=0, si_stime=0} ---
socket(AF_UNIX, SOCK_STREAM|SOCK_CLOEXEC|SOCK_NONBLOCK, 0) = 8
connect(8, {sa_family=AF_UNIX, sun_path="/var/run/nscd/socket"}, 110) = -1 ENOENT (No such file or directory)
socket(AF_UNIX, SOCK_STREAM|SOCK_CLOEXEC|SOCK_NONBLOCK, 0) = 8
connect(8, {sa_family=AF_UNIX, sun_path="/var/run/nscd/socket"}, 110) = -1 ENOENT (No such file or directory)
socket(AF_UNIX, SOCK_STREAM, 0)         = 8
connect(8, {sa_family=AF_UNIX, sun_path="/var/run/libvirt/libvirt-sock"}, 110) = 0
getsockname(8, {sa_family=AF_UNIX}, [128->2]) = 0
--- SIGCHLD {si_signo=SIGCHLD, si_code=CLD_EXITED, si_pid=11847, si_uid=1000, si_status=0, si_utime=0, si_stime=0} ---
--- SIGCHLD {si_signo=SIGCHLD, si_code=CLD_EXITED, si_pid=11850, si_uid=1000, si_status=0, si_utime=0, si_stime=0} ---
--- SIGCHLD {si_signo=SIGCHLD, si_code=CLD_EXITED, si_pid=11853, si_uid=1000, si_status=0, si_utime=0, si_stime=0} ---
--- SIGCHLD {si_signo=SIGCHLD, si_code=CLD_EXITED, si_pid=11856, si_uid=1000, si_status=0, si_utime=0, si_stime=0} ---
socket(AF_INET, SOCK_STREAM|SOCK_CLOEXEC, IPPROTO_TCP) = 13
connect(13, {sa_family=AF_INET, sin_port=htons(22), sin_addr=inet_addr("192.168.121.149")}, 16) = -1 EINPROGRESS (Operation now in progress)
socket(AF_INET, SOCK_STREAM|SOCK_CLOEXEC, IPPROTO_TCP) = 13
connect(13, {sa_family=AF_INET, sin_port=htons(22), sin_addr=inet_addr("192.168.121.149")}, 16) = -1 EINPROGRESS (Operation now in progress)
connect(13, {sa_family=AF_INET, sin_port=htons(22), sin_addr=inet_addr("192.168.121.149")}, 16) = -1 EHOSTUNREACH (No route to host)
socket(AF_INET, SOCK_STREAM|SOCK_CLOEXEC, IPPROTO_TCP) = 13
connect(13, {sa_family=AF_INET, sin_port=htons(22), sin_addr=inet_addr("192.168.121.149")}, 16) = -1 EINPROGRESS (Operation now in progress)
connect(13, {sa_family=AF_INET, sin_port=htons(22), sin_addr=inet_addr("192.168.121.149")}, 16) = -1 EHOSTUNREACH (No route to host)
socket(AF_INET, SOCK_STREAM|SOCK_CLOEXEC, IPPROTO_TCP) = 13
connect(13, {sa_family=AF_INET, sin_port=htons(22), sin_addr=inet_addr("192.168.121.149")}, 16) = -1 EINPROGRESS (Operation now in progress)
connect(13, {sa_family=AF_INET, sin_port=htons(22), sin_addr=inet_addr("192.168.121.149")}, 16) = -1 EHOSTUNREACH (No route to host)
socket(AF_INET, SOCK_STREAM|SOCK_CLOEXEC, IPPROTO_TCP) = 13
connect(13, {sa_family=AF_INET, sin_port=htons(22), sin_addr=inet_addr("192.168.121.149")}, 16) = -1 EINPROGRESS (Operation now in progress)
connect(13, {sa_family=AF_INET, sin_port=htons(22), sin_addr=inet_addr("192.168.121.149")}, 16) = -1 EHOSTUNREACH (No route to host)
socket(AF_INET, SOCK_STREAM|SOCK_CLOEXEC, IPPROTO_TCP) = 13
connect(13, {sa_family=AF_INET, sin_port=htons(22), sin_addr=inet_addr("192.168.121.149")}, 16) = -1 EINPROGRESS (Operation now in progress)
connect(13, {sa_family=AF_INET, sin_port=htons(22), sin_addr=inet_addr("192.168.121.149")}, 16) = -1 EHOSTUNREACH (No route to host)
socket(AF_INET, SOCK_STREAM|SOCK_CLOEXEC, IPPROTO_TCP) = 13
connect(13, {sa_family=AF_INET, sin_port=htons(22), sin_addr=inet_addr("192.168.121.149")}, 16) = -1 EINPROGRESS (Operation now in progress)
connect(13, {sa_family=AF_INET, sin_port=htons(22), sin_addr=inet_addr("192.168.121.149")}, 16) = -1 EHOSTUNREACH (No route to host)
socket(AF_INET, SOCK_STREAM|SOCK_CLOEXEC, IPPROTO_TCP) = 13
connect(13, {sa_family=AF_INET, sin_port=htons(22), sin_addr=inet_addr("192.168.121.149")}, 16) = -1 EINPROGRESS (Operation now in progress)
connect(13, {sa_family=AF_INET, sin_port=htons(22), sin_addr=inet_addr("192.168.121.149")}, 16) = -1 EHOSTUNREACH (No route to host)
socket(AF_INET, SOCK_STREAM|SOCK_CLOEXEC, IPPROTO_TCP) = 13
connect(13, {sa_family=AF_INET, sin_port=htons(22), sin_addr=inet_addr("192.168.121.149")}, 16) = -1 EINPROGRESS (Operation now in progress)
connect(13, {sa_family=AF_INET, sin_port=htons(22), sin_addr=inet_addr("192.168.121.149")}, 16) = -1 EHOSTUNREACH (No route to host)
socket(AF_INET, SOCK_STREAM|SOCK_CLOEXEC, IPPROTO_TCP) = 13
connect(13, {sa_family=AF_INET, sin_port=htons(22), sin_addr=inet_addr("192.168.121.149")}, 16) = -1 EINPROGRESS (Operation now in progress)
connect(13, {sa_family=AF_INET, sin_port=htons(22), sin_addr=inet_addr("192.168.121.149")}, 16) = -1 EHOSTUNREACH (No route to host)
socket(AF_INET, SOCK_STREAM|SOCK_CLOEXEC, IPPROTO_TCP) = 13
connect(13, {sa_family=AF_INET, sin_port=htons(22), sin_addr=inet_addr("192.168.121.149")}, 16) = -1 EINPROGRESS (Operation now in progress)
connect(13, {sa_family=AF_INET, sin_port=htons(22), sin_addr=inet_addr("192.168.121.149")}, 16) = -1 EHOSTUNREACH (No route to host)
socket(AF_INET, SOCK_STREAM|SOCK_CLOEXEC, IPPROTO_TCP) = 13
connect(13, {sa_family=AF_INET, sin_port=htons(22), sin_addr=inet_addr("192.168.121.149")}, 16) = -1 EINPROGRESS (Operation now in progress)
connect(13, {sa_family=AF_INET, sin_port=htons(22), sin_addr=inet_addr("192.168.121.149")}, 16) = -1 EHOSTUNREACH (No route to host)
socket(AF_INET, SOCK_STREAM|SOCK_CLOEXEC, IPPROTO_TCP) = 13
connect(13, {sa_family=AF_INET, sin_port=htons(22), sin_addr=inet_addr("192.168.121.149")}, 16) = -1 EINPROGRESS (Operation now in progress)
connect(13, {sa_family=AF_INET, sin_port=htons(22), sin_addr=inet_addr("192.168.121.149")}, 16) = -1 EHOSTUNREACH (No route to host)
socket(AF_INET, SOCK_STREAM|SOCK_CLOEXEC, IPPROTO_TCP) = 13
connect(13, {sa_family=AF_INET, sin_port=htons(22), sin_addr=inet_addr("192.168.121.149")}, 16) = -1 EINPROGRESS (Operation now in progress)
connect(13, {sa_family=AF_INET, sin_port=htons(22), sin_addr=inet_addr("192.168.121.149")}, 16) = -1 EHOSTUNREACH (No route to host)
socket(AF_INET, SOCK_STREAM|SOCK_CLOEXEC, IPPROTO_TCP) = 13
connect(13, {sa_family=AF_INET, sin_port=htons(22), sin_addr=inet_addr("192.168.121.149")}, 16) = -1 EINPROGRESS (Operation now in progress)
connect(13, {sa_family=AF_INET, sin_port=htons(22), sin_addr=inet_addr("192.168.121.149")}, 16) = -1 EHOSTUNREACH (No route to host)
socket(AF_INET, SOCK_STREAM|SOCK_CLOEXEC, IPPROTO_TCP) = 13
connect(13, {sa_family=AF_INET, sin_port=htons(22), sin_addr=inet_addr("192.168.121.149")}, 16) = -1 EINPROGRESS (Operation now in progress)
connect(13, {sa_family=AF_INET, sin_port=htons(22), sin_addr=inet_addr("192.168.121.149")}, 16) = -1 EHOSTUNREACH (No route to host)
socket(AF_INET, SOCK_STREAM|SOCK_CLOEXEC, IPPROTO_TCP) = 13
connect(13, {sa_family=AF_INET, sin_port=htons(22), sin_addr=inet_addr("192.168.121.149")}, 16) = -1 EINPROGRESS (Operation now in progress)
connect(13, {sa_family=AF_INET, sin_port=htons(22), sin_addr=inet_addr("192.168.121.149")}, 16) = -1 EHOSTUNREACH (No route to host)
socket(AF_INET, SOCK_STREAM|SOCK_CLOEXEC, IPPROTO_TCP) = 13
connect(13, {sa_family=AF_INET, sin_port=htons(22), sin_addr=inet_addr("192.168.121.149")}, 16) = -1 EINPROGRESS (Operation now in progress)
connect(13, {sa_family=AF_INET, sin_port=htons(22), sin_addr=inet_addr("192.168.121.149")}, 16) = -1 EHOSTUNREACH (No route to host)
socket(AF_INET, SOCK_STREAM|SOCK_CLOEXEC, IPPROTO_TCP) = 13
connect(13, {sa_family=AF_INET, sin_port=htons(22), sin_addr=inet_addr("192.168.121.149")}, 16) = -1 EINPROGRESS (Operation now in progress)
connect(13, {sa_family=AF_INET, sin_port=htons(22), sin_addr=inet_addr("192.168.121.149")}, 16) = -1 EHOSTUNREACH (No route to host)
socket(AF_INET, SOCK_STREAM|SOCK_CLOEXEC, IPPROTO_TCP) = 13
connect(13, {sa_family=AF_INET, sin_port=htons(22), sin_addr=inet_addr("192.168.121.149")}, 16) = -1 EINPROGRESS (Operation now in progress)
connect(13, {sa_family=AF_INET, sin_port=htons(22), sin_addr=inet_addr("192.168.121.149")}, 16) = -1 EHOSTUNREACH (No route to host)
socket(AF_INET, SOCK_STREAM|SOCK_CLOEXEC, IPPROTO_TCP) = 13
connect(13, {sa_family=AF_INET, sin_port=htons(22), sin_addr=inet_addr("192.168.121.149")}, 16) = -1 EINPROGRESS (Operation now in progress)
connect(13, {sa_family=AF_INET, sin_port=htons(22), sin_addr=inet_addr("192.168.121.149")}, 16) = -1 EHOSTUNREACH (No route to host)
socket(AF_INET, SOCK_STREAM|SOCK_CLOEXEC, IPPROTO_TCP) = 13
connect(13, {sa_family=AF_INET, sin_port=htons(22), sin_addr=inet_addr("192.168.121.149")}, 16) = -1 EINPROGRESS (Operation now in progress)
connect(13, {sa_family=AF_INET, sin_port=htons(22), sin_addr=inet_addr("192.168.121.149")}, 16) = -1 EHOSTUNREACH (No route to host)
socket(AF_INET, SOCK_STREAM|SOCK_CLOEXEC, IPPROTO_TCP) = 13
connect(13, {sa_family=AF_INET, sin_port=htons(22), sin_addr=inet_addr("192.168.121.149")}, 16) = -1 EINPROGRESS (Operation now in progress)
connect(13, {sa_family=AF_INET, sin_port=htons(22), sin_addr=inet_addr("192.168.121.149")}, 16) = -1 EHOSTUNREACH (No route to host)
socket(AF_INET, SOCK_STREAM|SOCK_CLOEXEC, IPPROTO_TCP) = 13
connect(13, {sa_family=AF_INET, sin_port=htons(22), sin_addr=inet_addr("192.168.121.149")}, 16) = -1 EINPROGRESS (Operation now in progress)
connect(13, {sa_family=AF_INET, sin_port=htons(22), sin_addr=inet_addr("192.168.121.149")}, 16) = -1 EHOSTUNREACH (No route to host)
socket(AF_INET, SOCK_STREAM|SOCK_CLOEXEC, IPPROTO_TCP) = 13
connect(13, {sa_family=AF_INET, sin_port=htons(22), sin_addr=inet_addr("192.168.121.149")}, 16) = -1 EINPROGRESS (Operation now in progress)
connect(13, {sa_family=AF_INET, sin_port=htons(22), sin_addr=inet_addr("192.168.121.149")}, 16) = 0
getpeername(13, {sa_family=AF_INET, sin_port=htons(22), sin_addr=inet_addr("192.168.121.149")}, [2048->16]) = 0
sendto(13, "\0\0\4\204\v\24\33424\253\273 \340X\324\266\24\354BQ\300\363\0\0\0\267diffie"..., 1160, 0, NULL, 0) = 1160
recvfrom(13, "\0\0\3\324\t\24\27\324\375\231Q\314\261\"6D\377\323\311k\226\25\0\0\0\267ecdh-s"..., 8192, 0, 0x7ffec6410bf8, [2048->0]) = 984
sendto(13, "\0\0\0\24\6\"\0\0\4\0\0\0\4\0\0\0 \0\266\377\240\245\307\351", 24, 0, NULL, 0) = 24
recvfrom(13, "\0\0\0\224\10\37\0\0\0\201\0\336I\374\220i\231L7\235+ec\357\323~\372\346x^\353\35"..., 8192, 0, 0x7ffec640f0e8, [2048->0]) = 152
sendto(13, "\0\0\0\214\5 \0\0\0\201\0\315r\253?\366^\300Gi\204a\326\340\347\353\3123\345\221\262A"..., 144, 0, NULL, 0) = 144
recvfrom(13, "\0\0\2\274\7!\0\0\1\27\0\0\0\7ssh-rsa\0\0\0\3\1\0\1\0\0\1\1"..., 8192, 0, 0x7ffec640fac8, [2048->0]) = 720
sendto(13, "\0\0\0\24\22\25\333\n\1\254o\212\344\245\224\274\334\372\277B\344\367\221\216", 24, 0, NULL, 0) = 24
sendto(13, "nb\303L\366\206;\365H\303Q;\227\357\307\v\225\302%\360\36\200\227\353`\222\216D\27\33\343?"..., 52, 0, NULL, 0) = 52
recvfrom(13, "z\tAK\270.,3`\10\343\365\254\224\27\211\226\177\217)~w\343\233\351mA\311\323\357&\21"..., 8192, 0, 0x7ffec6410c08, [2048->0]) = 52
sendto(13, "\22745e\20D\335\33A\354\375\313\2417\r\363\26\n\23t\361ME\nz\23\31V\211O&\25"..., 68, 0, NULL, 0) = 68
recvfrom(13, "\16\3224\f\265\221\222\273\350\346N=%\2522\354\264=v/O\25Hi\264n\251[\276X\365 "..., 8192, 0, 0x7ffec64104a8, [2048->0]) = 68
socket(AF_UNIX, SOCK_STREAM|SOCK_CLOEXEC, 0) = 15
connect(15, {sa_family=AF_UNIX, sun_path="/run/user/1000/keyring/ssh"}, 110) = 0
sendto(15, "\0\0\0-\1\0\0\0(SSH-2.0-Ruby/Net::SSH_4"..., 49, 0, NULL, 0) = 49
sendto(15, "\0\0\0\1\v", 5, 0, NULL, 0) = 5
sendto(13, "*\355[3\322\223\326C\251\t<`\376\252]\310\375a-m\356\207\314:\35\306^j\323\200\331Q"..., 372, 0, NULL, 0) = 372
recvfrom(13, "'\211\233\205,\367$\271Yo\201\262\247{\313\333\300\22\252(\20\10\204w\21\362\341\334\363\210#\230"..., 8192, 0, 0x7ffec640fc78, [2048->0]) = 324
sendto(13, "\20\374\362\206\242\337y=\22\205\201\27j\274\17so\\\312i3nM\254J\231\265t\213\5\234\353"..., 644, 0, NULL, 0) = 644
recvfrom(13, "9\351\31\201\210\334g\244o~\355#pI\345q\273\2\30r\v\267\310@~\346\220\372'\204\354\376"..., 8192, 0, 0x7ffec640fc78, [2048->0]) = 36
sendto(13, "{\254_\254@j\277>6U.\233\16\264<3\37\244\270\335y\244\351^@&b\273\221\273U\277"..., 68, 0, NULL, 0) = 68
--- SIGVTALRM {si_signo=SIGVTALRM, si_code=SI_TKILL, si_pid=11755, si_uid=1000} ---
socket(AF_INET, SOCK_STREAM|SOCK_CLOEXEC, IPPROTO_TCP) = 15
connect(15, {sa_family=AF_INET, sin_port=htons(22), sin_addr=inet_addr("192.168.121.149")}, 16) = -1 EINPROGRESS (Operation now in progress)
connect(15, {sa_family=AF_INET, sin_port=htons(22), sin_addr=inet_addr("192.168.121.149")}, 16) = 0
getpeername(15, {sa_family=AF_INET, sin_port=htons(22), sin_addr=inet_addr("192.168.121.149")}, [2048->16]) = 0
sendto(15, "\0\0\4\204\v\24\17\217\263\33\370\365\232\252\202=m\330\222[5\302\0\0\0\267diffie"..., 1160, 0, NULL, 0) = 1160
recvfrom(15, "\0\0\3\324\t\24y\272B\300uY\324D-7U\321\270:{\265\0\0\0\267ecdh-s"..., 8192, 0, 0x7ffec6410cc8, [2048->0]) = 984
sendto(15, "\0\0\0\24\6\"\0\0\4\0\0\0\4\0\0\0 \0\355\304qqr\276", 24, 0, NULL, 0) = 24
recvfrom(15, "\0\0\0\224\10\37\0\0\0\201\0\336I\374\220i\231L7\235+ec\357\323~\372\346x^\353\35"..., 8192, 0, 0x7ffec640f288, [2048->0]) = 152
sendto(15, "\0\0\0\214\6 \0\0\0\200\7>\247\222;\335\300\177\351]\355\325\2\340\214\34\330\254\223\364\236\371"..., 144, 0, NULL, 0) = 144
recvfrom(15, "\0\0\2\274\7!\0\0\1\27\0\0\0\7ssh-rsa\0\0\0\3\1\0\1\0\0\1\1"..., 8192, 0, 0x7ffec640fb98, [2048->0]) = 720
sendto(15, "\0\0\0\24\22\25\364\314\263\35\33)\275\200\320\320\316\223\246\31o\326b\376", 24, 0, NULL, 0) = 24
sendto(15, " \347DA\0053\352\325\315@\212q\330\343j\265\276\204\205wz\272\356\345O\207\331W\6\225\256\320"..., 52, 0, NULL, 0) = 52
recvfrom(15, "!8vD\37\211=\1N\357\367kY\370Z\274\3229\214?\211J\220\24\207\366\340T\252\347\277Z"..., 8192, 0, 0x7ffec6410cd8, [2048->0]) = 52
sendto(15, "\273\316\21+\240U\236|\305\27\353\17ps\272Tf\221m\361\374\n\246\343IE\277\21\256\311\304:"..., 68, 0, NULL, 0) = 68
recvfrom(15, "i#-\246\223\323\201~\333\321\223\344\316\2668w\245mK\26B\231\n\326\247S\25b\4l\345\34"..., 8192, 0, 0x7ffec6410578, [2048->0]) = 68
socket(AF_UNIX, SOCK_STREAM|SOCK_CLOEXEC, 0) = 16
connect(16, {sa_family=AF_UNIX, sun_path="/run/user/1000/keyring/ssh"}, 110) = 0
sendto(16, "\0\0\0-\1\0\0\0(SSH-2.0-Ruby/Net::SSH_4"..., 49, 0, NULL, 0) = 49
sendto(16, "\0\0\0\1\v", 5, 0, NULL, 0) = 5
sendto(15, "\356\242E\211\256(>\267\375r\235|\321\247C\263r;\37>\0\224\201\274H\320\3\200\20\316p\177"..., 372, 0, NULL, 0) = 372
recvfrom(15, "=Qg\327\245\275\316\321\245\325\241+\35\233\233\350\260V\16#L\23\374\305\214\251>\351\270\214i\303"..., 8192, 0, 0x7ffec640fe18, [2048->0]) = 324
sendto(15, "\37;'\356b\231BE\"C9i\3076T\300G\241F7/\276\334\\\265\250%\345Q/%\356"..., 644, 0, NULL, 0) = 644
recvfrom(15, "@\344v\313 \261\333A\206\355{\277\341\220\356\365\3526\214d+_3\323\35\211\233W\336\206%\317"..., 8192, 0, 0x7ffec640fe18, [2048->0]) = 36
sendto(15, "\250\234?X3\217\n\225\352\223\376Y\333|\31m\335X\377\355\226\3340\236\372\37\300\205$oJg"..., 68, 0, NULL, 0) = 68
recvfrom(15, "n\265 \10Ovp\272\3019\270\32\31x\37p\2\364\352\31c\360\354\33\202!\26\275@@\16c"..., 8192, 0, 0x7ffec6412058, [2048->0]) = 52
sendto(15, "'\262\323\336\325\202\0\265\372\251\212Ln\362\f\t\24\33\331\31\35z\342\7|\305\251\260>\3331F"..., 68, 0, NULL, 0) = 68
recvfrom(15, "\257\310\227\325\4z\314\364\221\320[Z\t\303\232I\327+z\307\235\31\326_\324Q\353]\316v\340\356"..., 8192, 0, 0x7ffec6412058, [2048->0]) = 88
sendto(15, "\6\357I\373\223\310@j~B\254}\263\206\16\30B_c\342\32m\334\267o\224\203\324#\370\337X"..., 120, 0, NULL, 0) = 120
recvfrom(15, "C\210 8\322\240\225\352^\271N\26\22$\24\f\16\305\316\37\321\307^\367\3\202BXw;2\17"..., 8192, 0, 0x7ffec6412058, [2048->0]) = 36
sendto(15, "\27\353\345P\225\330\312Z\312\261\6|d\2060\354l4\236\227L\320_\344;>\352\315\n^\274\354"..., 68, 0, NULL, 0) = 68
recvfrom(15, "J\240\333)\302C\37\350\204\25\2\302\234\nk\260\361\315\2\34\374\334v\320\16\231\21\35\242\313D\311"..., 8192, 0, 0x7ffec6412058, [2048->0]) = 104
--- SIGCHLD {si_signo=SIGCHLD, si_code=CLD_EXITED, si_pid=12047, si_uid=1000, si_status=0, si_utime=0, si_stime=0} ---
--- SIGCHLD {si_signo=SIGCHLD, si_code=CLD_EXITED, si_pid=12050, si_uid=1000, si_status=0, si_utime=0, si_stime=0} ---
socket(AF_UNIX, SOCK_STREAM|SOCK_CLOEXEC|SOCK_NONBLOCK, 0) = 16
connect(16, {sa_family=AF_UNIX, sun_path="/var/run/nscd/socket"}, 110) = -1 ENOENT (No such file or directory)
socket(AF_UNIX, SOCK_STREAM|SOCK_CLOEXEC|SOCK_NONBLOCK, 0) = 16
connect(16, {sa_family=AF_UNIX, sun_path="/var/run/nscd/socket"}, 110) = -1 ENOENT (No such file or directory)
socket(AF_INET, SOCK_STREAM|SOCK_CLOEXEC, IPPROTO_TCP) = 16
connect(16, {sa_family=AF_INET, sin_port=htons(7), sin_addr=inet_addr("192.168.121.149")}, 16) = -1 ECONNREFUSED (Connection refused)
socket(AF_INET, SOCK_DGRAM|SOCK_CLOEXEC, IPPROTO_IP) = 16
getsockname(16, {sa_family=AF_INET, sin_port=htons(0), sin_addr=inet_addr("0.0.0.0")}, [16]) = 0
connect(16, {sa_family=AF_INET, sin_port=htons(1), sin_addr=inet_addr("192.168.121.149")}, 16) = 0
getsockname(16, {sa_family=AF_INET, sin_port=htons(34317), sin_addr=inet_addr("192.168.121.1")}, [2048->16]) = 0
sendto(15, "\217\314\303\366:y\330\223\310\353tL<\227:f\247\254\332|\260\221\26\265\362\337\265\322kE\260n"..., 120, 0, NULL, 0) = 120
recvfrom(15, "!\274\213pa\244\206\31\367\213\5\337\241bm\344\322r\225Kf!\363'\25k\230\37*\346\10\364"..., 8192, 0, 0x7ffec6411918, [2048->0]) = 52
sendto(15, "\264>\221iU\275\275%\221\243\245\363\251.\177a\16]!p\235\216i\243on\r\231%(8\210"..., 52, 0, NULL, 0) = 52
recvfrom(15, "\272\0173\246\26[uz\245\227}\204\212x\3\375\\\244\r\272\350\321\252&\375EQ\25\337m\320\2"..., 8192, 0, 0x7ffec6411918, [2048->0]) = 88
recvfrom(15, "D\f\244\0227(\20\312\247\240\21\255\261\341\317F\232ZV\30-\324\343\245=\314\354\33\333\371\334\322"..., 8192, 0, 0x7ffec6411918, [2048->0]) = 36
recvfrom(15, "TY\362\226\274\376wh\3028\312\334\355\7p@*\265\335X\361\206\243\307\214\16\356\343\0\204\230["..., 8192, 0, 0x7ffec6411918, [2048->0]) = 104
sendto(15, "\4\366\254\224\222\302\327\245\331\350Hz\rO\\\200U\314`\0031\226\332\231\32\301\320\274w\33\232\320"..., 120, 0, NULL, 0) = 120
recvfrom(15, "\331.d\235\260\325#x\322\337RI\336\34\35\350\0259\3224_z\27\226\331\240z.\255\244\330\302"..., 8192, 0, 0x7ffec6411918, [2048->0]) = 52
sendto(15, "\20}Li8\4\235x\250\303h\261\371\242z\313\310\227\346g)z\255\315\226\311e+w\357`\21"..., 52, 0, NULL, 0) = 52
recvfrom(15, "k|\5N\246\303\23~\34\333\306\211\2107\241\32\213\302\31Qu\330\370\305\225/\302\257>\272\215\34"..., 8192, 0, 0x7ffec6411918, [2048->0]) = 88
recvfrom(15, "\26\212m\206\36\247\20\vw\377\26\342\22\251I%4\350(\17\207\v\261\16\220:\204\1\f9*\361"..., 8192, 0, 0x7ffec6411918, [2048->0]) = 36
recvfrom(15, "F1_\24\202\240(@\35\20y\221\277\6\245esv\207\34\314u\350\234\207\fA|\221\310Q\244"..., 8192, 0, 0x7ffec6411918, [2048->0]) = 104
sendto(15, "\177n\36\324\243^\256\361\n\2611\343{\317\355+\243\3752\235\344\215'@\26\t\361}m\301\343\304"..., 120, 0, NULL, 0) = 120
recvfrom(15, "l\201\260\322\223/\375\305\f\6\6\263\30:D\261\2569\351\356\2074T\341\227W\201\17\16\355\253\311"..., 8192, 0, 0x7ffec64121f8, [2048->0]) = 52
sendto(15, "$\322\245\227Y\356\367\276\330\234\231\35\rK-(\22\331\2729\304\242v\223d\252\17#)\3\375\223"..., 68, 0, NULL, 0) = 68
recvfrom(15, "\312\37u\26<Pbd3N\325\r\207\256,y\242C\314\321\3r\221Dk\24\207@\30\336\336Q"..., 8192, 0, 0x7ffec64121f8, [2048->0]) = 88
sendto(15, "\31\3407\216,\334\255\240\7G\272\334J\244\267\353\272wI\22\324\2\343\24\360\313%n\2743\222\225"..., 120, 0, NULL, 0) = 120
recvfrom(15, "\301\315lr\240\316>\0e\224\221\266\314\271^C\352\342Z\347\314\241\2130\2679\304A'Zf\266"..., 8192, 0, 0x7ffec64121f8, [2048->0]) = 36
recvfrom(15, "55WX\230tp\351\257F\231g\17\200\205\4\337\272\3\v2\250m\254\327\245\35\353\2En\327"..., 8192, 0, 0x7ffec64121f8, [2048->0]) = 104
sendto(15, "\303-2\330.m\20\277\332\315<\235\314N\325\201\32\335\16#\0z}(\0378\351\242L\374z\240"..., 120, 0, NULL, 0) = 120
recvfrom(15, "\362\377\237B\35\214\373\200\321\261\305\240n\375\37j\333\242\357\316i\366\t\202E\250{\262\22\266\251\341"..., 8192, 0, 0x7ffec64108b8, [2048->0]) = 52
sendto(15, "0\346\203\330\313\225\345\221\215\351\16\250h\333\231mx!wy\361Yt:\334\266\374d\3350b\4"..., 52, 0, NULL, 0) = 52
recvfrom(15, "\244\272\204\262\336\363\371q[\207(\10\235\343\206 \347\233\343P\265\364=\356\333\347\33X\17\227l\273"..., 8192, 0, 0x7ffec64108b8, [2048->0]) = 88
recvfrom(15, "H\221\23\306\353x_l\321D\32\17$\200\37\240\205\177J\324\35\310\207\341\315\271J\r\214TG1"..., 8192, 0, 0x7ffec64108b8, [2048->0]) = 36
recvfrom(15, "\245[P\320\273in\315\2774i\354\2568S\6\316\226\31g\276\356\254\325\201\225&\276CrT\335"..., 8192, 0, 0x7ffec64108b8, [2048->0]) = 104
sendto(15, "\335\335J7\375\221\244M\361^\6\32\325\322\217\327\350\271\270\360\\\256p\3045m\251\372\347]\10Q"..., 120, 0, NULL, 0) = 120
recvfrom(15, "*,\371\324{{\303]g0uO\253\337cu\234\332,C\356\30\22fF\2316\320\365\1\352\226"..., 8192, 0, 0x7ffec6411198, [2048->0]) = 52
sendto(15, "\361\34\324=H\252\307\361\356\212\250\22\231KgA\320\364\230|\315\324AU\267\303\3773\257\375\314\222"..., 68, 0, NULL, 0) = 68
recvfrom(15, "\267\t\t$=\34`*|*\16\335\\C\252\10\f\2673`U\256x\300\253\\V\365nr]\333"..., 8192, 0, 0x7ffec6411198, [2048->0]) = 88
sendto(15, "\350b`\312'\333s&\n\334\250ED#`B{\233\312\31\252\n\212y\311\35O\273\342\360\6\16"..., 152, 0, NULL, 0) = 152
recvfrom(15, "@c\t\324x-<lVo(\226\\(\300\356\341\330\204TpM\321\257L\362[\260\230z\226z"..., 8192, 0, 0x7ffec6411198, [2048->0]) = 36
recvfrom(15, "`\360mY\330\16\270\31\301\203#L\10\2719\245v\312v\246p\326\25\203\240\302\23\7'\201\273\226"..., 8192, 0, 0x7ffec6411198, [2048->0]) = 104
sendto(15, "\310\267d#W\226V\224Z\353\37\307\352f\213\271\310a\177\275[\323\362\370:\33g\264D\376\230>"..., 120, 0, NULL, 0) = 120
recvfrom(15, "\4-\322\321\22\305\3\355WS\217V\\\203&)\27\21\353J\223\266\210\23\2'\244\213\3\37\23\246"..., 8192, 0, 0x7ffec64108b8, [2048->0]) = 52
sendto(15, "Y\225\250\264\267\256J\325wT\277.\275x\323.\302\235\240\v\32+\17?I\243?\2y\255\300a"..., 52, 0, NULL, 0) = 52
recvfrom(15, "\24\320\353Mp\253\36\2770+%F\245\352\363\365\303\203rj\2\346I\276\f}\206\357Q2 j"..., 8192, 0, 0x7ffec64108b8, [2048->0]) = 88
recvfrom(15, "(C\376\251\364\337.\323 \354\361ZSFq\3743+\242\343\353s&-Kp\263\372\202\241u&"..., 8192, 0, 0x7ffec64108b8, [2048->0]) = 36
recvfrom(15, "\372\345\365S\207ai\376\2423\16\204:)\200w'\26O\222!63\332K\370 i\260d\274\374"..., 8192, 0, 0x7ffec64108b8, [2048->0]) = 104
sendto(15, "Ma\34\26!\\4\243\354&2\313y\356\32Y\310\321\346l\326\23\r\345\220\322&\360?\4\276\326"..., 120, 0, NULL, 0) = 120
recvfrom(15, "\326\360;\331\307\272\3737%\17\350\214\216=BK\356\276oV[@\215D\262R\251y\31\331(d"..., 8192, 0, 0x7ffec6411198, [2048->0]) = 52
sendto(15, "dF\207Ks@\16\264\265W\313^\24L\246\263\25\22\300xb\33\21\207\341]\305 \373\206\265\200"..., 68, 0, NULL, 0) = 68
recvfrom(15, "\376\266\356\31\200\21Q\344\242=u\230\344\354\32^9]\333\254s\235\365\314\347\20h^\372G\357\23"..., 8192, 0, 0x7ffec6411198, [2048->0]) = 88
sendto(15, "\266:\301T\222\224\217%\335k+\2\36\221\270\211\255\327N\31\16P\372\25\326\242\210:V[JV"..., 152, 0, NULL, 0) = 152
recvfrom(15, "P\216\16\304\331\201\313J\4\255C\253\222\217\10=\246\25\212[\244\372|\244\356>\263\2\257\311\2168"..., 8192, 0, 0x7ffec6411198, [2048->0]) = 36
recvfrom(15, "P\305\215\317/\315\353\4\24\254\373\215\343\20U\237S|R[\335\311\263\250\331T\10\231A\24;\246"..., 8192, 0, 0x7ffec6411198, [2048->0]) = 104
sendto(15, "k,'\311\2126\3,fp5S\310\"B\275\335\354\363g\275\257\331\276\1\334\37L4h\3768"..., 120, 0, NULL, 0) = 120
recvfrom(15, "\\\231^\6\236\342H\207e\350@\371Vh\20H\25\21\317\245>\343\321\3023\23\253\251\270\211\271\221"..., 8192, 0, 0x7ffec6410988, [2048->0]) = 52
sendto(15, "SBq\346C\215\331\370\3171\352\252x2\371\216\345^\230\327\335d_s\0010T\353\245\330\r:"..., 52, 0, NULL, 0) = 52
recvfrom(15, "x\322\361\277\346\202\27L\30\214<\301\237\27\30\336m\v\332\225\222\2359R\330\226\312\"\315\313z\245"..., 8192, 0, 0x7ffec6410988, [2048->0]) = 88
recvfrom(15, "R!7db\305!\215~\230+\234\252*Z\264\327\370\247\217\10\f\300S\274\345\214\371\227\320a\36"..., 8192, 0, 0x7ffec6410988, [2048->0]) = 36
recvfrom(15, "\305\213\332\214\376\204\267\340\303\370\231\317>\304\\\340e\373\270:\315\361~~\3223\22\tq\37\35\307"..., 8192, 0, 0x7ffec6410988, [2048->0]) = 104
sendto(15, "\274\4\313rz4J\333\255a\211\237\247-\331\351\v\320\307Y\30\27\355\34\323\315%SK=\7="..., 120, 0, NULL, 0) = 120
recvfrom(15, "\177\34\301*\352\370\351\320:\326t\242\237\nS\354\323y\375\312\270d\254Z\230\277N\1n\342\220\267"..., 8192, 0, 0x7ffec6411268, [2048->0]) = 52
sendto(15, "['\273\30\221\31\202_\215\352x9\327R7T\2435\3423\5\341k\357M]\0335\264\205n\200"..., 68, 0, NULL, 0) = 68
recvfrom(15, "\325\315\242f\203%\256\266nW\r\337p\356D\3545r\16\317)\251r\303\244\264s|\366)z\223"..., 8192, 0, 0x7ffec6411268, [2048->0]) = 88
sendto(15, "\tR\305:&\177e4D\273\217\301\277\301\230\354+\223*;3\261\371N\317\16y1x\305\"r"..., 136, 0, NULL, 0) = 136
recvfrom(15, "\\\365\351\340\270d\215]\rp\313\6M\331\25\352\325\202\364\211\357F:\371\236\212\26\341\227?\253\254"..., 8192, 0, 0x7ffec6411268, [2048->0]) = 52
recvfrom(15, "\365\315`ki\344A\214+\37\237\32\355\322\224%\261~\33\244\220\243\214Q=\234\21c\r&\244\317"..., 8192, 0, 0x7ffec6411268, [2048->0]) = 68
recvfrom(15, "\341!}\245|4\374\\\262\300\246!\365[z\332\4\363\261F\220VO\36e)3\250\336\2!Y"..., 8192, 0, 0x7ffec6411268, [2048->0]) = 84
recvfrom(15, "\5\0345\335\236\307\315Y\206\344\202b\241\336w\2272,\31y\271\270p\330.\331\10\336\345\266\332\275"..., 8192, 0, 0x7ffec6411268, [2048->0]) = 52
recvfrom(15, "\263\272<\t\337|{\315\37\262e\213~\250K\252o\vU\207T\374\366\242\260\5O:\350\210\272\313"..., 8192, 0, 0x7ffec6411268, [2048->0]) = 36
recvfrom(15, "HMa5\304G;O5\335\214B\24\323\370\375\266\3343^\212\332t\220\n\224\314\4\23n2\321"..., 8192, 0, 0x7ffec6411268, [2048->0]) = 104
sendto(15, "r\360\25+\212\347\241\322Z$\330Ci\367C\235>r\236d\217\270b\261\35\237\361\315\n\217\323P"..., 120, 0, NULL, 0) = 120
recvfrom(15, "\24\271\320\226\177I\3E\230\343\273\335\237\303Y\321`!w\37\320\377\235\217\220r\244\314\357\321Pp"..., 8192, 0, 0x7ffec6410988, [2048->0]) = 52
sendto(15, "\370*\254\216\204\236\342\317\271V\325\341C\214t\276\206\3623\335\244\v\304\270\310c\270\r\364@\246j"..., 52, 0, NULL, 0) = 52
recvfrom(15, "g/^g\363I\364\177\250wD.\246\377\367\377\351\234\317.\2075C\273<-\36M\256\273\354\350"..., 8192, 0, 0x7ffec6410988, [2048->0]) = 88
recvfrom(15, "\377\223\21j\357\246\4\317\212\275\231\314\376\237L2\2068\"\207\21\244|\277\366\266\2411\3014\241\351"..., 8192, 0, 0x7ffec6410988, [2048->0]) = 36
recvfrom(15, "\27\35\313\362E\345\31\347\211\341&\360\356-\211\27\3561iw\365?%\246`\\i\301\3269\325\315"..., 8192, 0, 0x7ffec6410988, [2048->0]) = 104
sendto(15, "W\265\263\327\251P\317\254\322C\241\373\232\332\331\221\0\340\366\237|@\37\5w\256]\207\5\322\213?"..., 120, 0, NULL, 0) = 120
recvfrom(15, "l*E\2701\6\325|\341Z\232\0\216\214d\36\300\352\302\0\246*\344a\3\353n\23\337\344+\200"..., 8192, 0, 0x7ffec6411268, [2048->0]) = 52
sendto(15, "\326\v\373\334\256\352\354\374\350\rg\"\37\307\17\216ha\262\"\6\330\2727!/\254R\355Z:\325"..., 68, 0, NULL, 0) = 68
recvfrom(15, "\244\177\243\\\341\353\5\377x^\24\327\22\27\243\22\177\313\2536\311\334\2114\204\272\223\272P\354T\351"..., 8192, 0, 0x7ffec6411268, [2048->0]) = 88
sendto(15, "SA\317[\246\260\333\233eH\204\226Q\265\324\\\274=4\343t\6A\332<\245\300,9V\5\371"..., 168, 0, NULL, 0) = 168
recvfrom(15, "\364\200\324\312\24\275Q\345/\10\313\345\205\364%\256{\nG*\222\312\363\332\360!]&\334\4\1]"..., 8192, 0, 0x7ffec6411268, [2048->0]) = 52
recvfrom(15, "\215T\206:\240\277w\374\274h\277\367\222\334\346\337>~s\336\33\311M\334\301\304\312\rs'\246\220"..., 8192, 0, 0x7ffec6411268, [2048->0]) = 68
recvfrom(15, "\360\330t\215\7-+\271\340[///\266\31p/\203\371V\244b\35\373Dv\203\2270\211v\314"..., 8192, 0, 0x7ffec6411268, [2048->0]) = 84
recvfrom(15, "e1x3\230\0P%\207#\211q\354\3466\221\23\31\307\212IVK\364\246\332\372pn\332\240\374"..., 8192, 0, 0x7ffec6411268, [2048->0]) = 52
recvfrom(15, ">\216\244.7\265\0235\344\352\250]\vK0%b\324\256\334\367\343Wd\355\315\23{b\306:\320"..., 8192, 0, 0x7ffec6411268, [2048->0]) = 36
recvfrom(15, "\250\230U\256\211\351&\312\f\206N{\25T\243\227O\210\304@\320h\367\t\7\32\3312\357 \345\345"..., 8192, 0, 0x7ffec6411268, [2048->0]) = 104
sendto(15, "d,,\322U\215\220yx\24K\316ZI\276N\342\252ES\27\23(\33\4h\315\275>\\\204\311"..., 120, 0, NULL, 0) = 120
recvfrom(15, "\226\311\247\351\221\264\224\332\34\1t\221)%\212\236nF\367_\v$>U\320`ph\346\227\363;"..., 8192, 0, 0x7ffec6410988, [2048->0]) = 52
sendto(15, "\377=\353\216\322Vm\374\241\305\212\302YKn\324\234\233\360!\216\373C\21\304\270Q\210\r\"r\200"..., 52, 0, NULL, 0) = 52
recvfrom(15, "%\207\7~\353\346\333oU\372\22\316\3245\0237\311Cr\312\30\372%[\366e\t\241\245&Yr"..., 8192, 0, 0x7ffec6410988, [2048->0]) = 88
recvfrom(15, "~\315\352\251^2\327b\337x\377\357C6J\n\325o[\374\331\27\305\210\304\322\224@\"\221$\242"..., 8192, 0, 0x7ffec6410988, [2048->0]) = 36
recvfrom(15, "nAl\\\35\n\326\262\314yb\312)\264\312~\331\251\323\2277\25\6\2704\222\377\255\231@k7"..., 8192, 0, 0x7ffec6410988, [2048->0]) = 104
sendto(15, "\320\354\330n5j\253\274\27C+(p\200\277\31440\263\277<\204\310rx\250\345*gt\370O"..., 120, 0, NULL, 0) = 120
recvfrom(15, "7\20Y\10\272t*`\377'\375Zj\332\21*A\220\313Vc\205\241L9\342\340\231\250\305\303\220"..., 8192, 0, 0x7ffec6411268, [2048->0]) = 52
sendto(15, "M\5UvH\245\227\350\236\312\303qQ\t_J$\340\200\226w\367\35x\321\255\313\357\v\245\20%"..., 68, 0, NULL, 0) = 68
recvfrom(15, "\34<\0a\323y}\226\3110D\3567\6}|\"\345\177\225ne\7\242\202\321\n#\317}og"..., 8192, 0, 0x7ffec6411268, [2048->0]) = 88
sendto(15, "\n\225Mj\272\5'5\356R\203w%\21\24w\203|\221\34\371\356c\327\224&*\233K\3\346\375"..., 200, 0, NULL, 0) = 200
recvfrom(15, "#\336#\177\35\1J\345\n6:H\177\365\1\353\256\232g\5\212\212j\36\27\246\26\17\327i\325L"..., 8192, 0, 0x7ffec6411268, [2048->0]) = 68
recvfrom(15, "D\205\206\320X\212$_\4\255\352\324!J\250\206u\321\v\316\237\17y~\2600\221z\31\0345\235"..., 8192, 0, 0x7ffec6411268, [2048->0]) = 36
recvfrom(15, "\325\330\17N\200L\201oi\0 \21u4\217Y4\21C\217\274\213\201\264bd\353K\246\333{5"..., 8192, 0, 0x7ffec6411268, [2048->0]) = 104
sendto(15, "\350o\326\234EQ\v=RT\205\257\372\355s-\211\1\31\37\217\231ui\264\253\204\241\213|\254\263"..., 120, 0, NULL, 0) = 120
recvfrom(15, "\3003\370\344\310\tm\255\215\226\241\366\324s\222\341\301\367\321(cBA1\205\10\326Bi\355\177\7"..., 8192, 0, 0x7ffec6411918, [2048->0]) = 52
sendto(15, "Y\316\256=\22\247t\245~\225\t\330\257\325\324\364\324\271\373\370]:+\360z\22\337\265\216\272\177)"..., 52, 0, NULL, 0) = 52
recvfrom(15, "\354=\2235k\261\354\266\232\220\235\301c\337\231\375\215\34\330u\276W\251\215FU\5\234m\216.c"..., 8192, 0, 0x7ffec6411918, [2048->0]) = 88
recvfrom(15, "\241\331H\360c\26\265\331\331+: \276\310X\364\307\374ZY\371\237\316\305\327\250\261\247T\33\340\t"..., 8192, 0, 0x7ffec6411918, [2048->0]) = 36
recvfrom(15, "\360R6\7\242]\0372,\377\25]\32\270\203\315]\r>3Rqp=\22\240\210`\357\266\320E"..., 8192, 0, 0x7ffec6411918, [2048->0]) = 104
sendto(15, ">WM!nG\305A\210\202\"!\v\365\266\317\355\206\"\342\202h1\325\305\224\267)\352p\326("..., 120, 0, NULL, 0) = 120
recvfrom(15, "\2161\367\350H\tf\321q\212\303\333\302NO\202i\242C\220\1\203}A\v\3365\276\322\304\361\234"..., 8192, 0, 0x7ffec6411918, [2048->0]) = 52
sendto(15, "\3410\323\204\275\303\367F\313\23\275\351:-\263\31\251\10\v\340\36R\266\n\262\17\313M\346\263\341\220"..., 52, 0, NULL, 0) = 52
recvfrom(15, "\347\376\234\277Z\222}\317\252l\357\17\204\204{\377E\365\2502\334_>\v\22\340\23\205o\2455("..., 8192, 0, 0x7ffec6411918, [2048->0]) = 88
recvfrom(15, "B+\356\201\240\304,l2\20~\17\22g\336\23\36\205r\374_\211B\276\0326\247\33\330+f\272"..., 8192, 0, 0x7ffec6411918, [2048->0]) = 140
sendto(15, "\242\300z\207^\216&\360\6x\335\20\235\252\276\362\212\332d8\tbE\250\t!\260\353\366\34L\1"..., 120, 0, NULL, 0) = 120
recvfrom(15, "\207\353\363\33\375\344I\271\300\365\352F\346\307\266\3\277\366(\272\34Y\224ao\32\342\210\354\205\212\317"..., 8192, 0, 0x7ffec64121f8, [2048->0]) = 52
sendto(15, "c\301\213\277\302\231e\345-\32o\27P0R.\377\320\323\304\323\272\322\332\362\345\351\351!r\375\337"..., 68, 0, NULL, 0) = 68
recvfrom(15, "\16/\1\240<F\362&\354k\23P\225F\30\370\243<\326\347\204\257\245\f\177Z\231Y\225L\265\200"..., 8192, 0, 0x7ffec64121f8, [2048->0]) = 88
sendto(15, "MF\272\221\vT\4\251f\26\35LKgt^\245\307\365L\224\306\4\310\214\30O\332!dd\250"..., 120, 0, NULL, 0) = 120
recvfrom(15, "s\340|\16\275\264\360\350\341\267\227\23\22#+U\350\31\216_B\300C\0257Vc\376\n\5\0\224"..., 8192, 0, 0x7ffec64121f8, [2048->0]) = 36
recvfrom(15, "\310\26\243o~\253\202\245\231\222\246:(\300\306e3\372\253O\231\0232D<\npT\231\16in"..., 8192, 0, 0x7ffec64121f8, [2048->0]) = 104
sendto(15, "L\363\27\273\201\267\242\310\v\36\250\236\220\327\265\0\371b\250\301\2&\315\325\3\2101\34h\375\367\271"..., 120, 0, NULL, 0) = 120
recvfrom(15, "rq\1\324\272\305t\24.\202\2478\376Z\10v\254\236\5t$\364\232\373\24\215\34[\354~>8"..., 8192, 0, 0x7ffec6410fc8, [2048->0]) = 52
sendto(15, "\352\232\246\356L\317y~\350\230,\237q\311\244,?$\7\4q;R\231\177\35S\263!Q\206\234"..., 52, 0, NULL, 0) = 52
recvfrom(15, "Y\255\37\225\226mL\332=\36\263L\256\30\357.\261j\370:mJf\4s\322\1\2053\233\253\373"..., 8192, 0, 0x7ffec6410fc8, [2048->0]) = 88
recvfrom(15, "\214X\204\376c2@d\1\2%\260\307z\226]\354\376Yl`]#P\23\377\"\362.\223Z;"..., 8192, 0, 0x7ffec6410fc8, [2048->0]) = 36
recvfrom(15, "\206=3%<\32T\na,\210\3740;\272\362OW\17-BB<\305\233&\212\2\10D\r\231"..., 8192, 0, 0x7ffec6410fc8, [2048->0]) = 104
sendto(15, "\267i\270W\210\276c\22\36\266\31\346\2\212\201Z\34K\372\364[3vm\266\223\202s\311\255\320\26"..., 120, 0, NULL, 0) = 120
recvfrom(15, "jAl}\261H\\m/\2008,~\301,4\364\207K\234\16\240h\31-68\255\377\234\264\220"..., 8192, 0, 0x7ffec64118a8, [2048->0]) = 52
sendto(15, "\t\2148\203F0[5\304\234=\34'M\24\341\272\333\320\252\257\244\304N\252\261\243k\336$\344s"..., 68, 0, NULL, 0) = 68
recvfrom(15, "n\216\241\3221\331\6\301\245C\315\205\16]\217\3319o-u\366\334\371!\25\"\26\340E\25T\221"..., 8192, 0, 0x7ffec64118a8, [2048->0]) = 88
sendto(15, "\377\1\25\202$\341B\217X\347N.\310\367\307>\330\301\1(\231\25\216\254;\270\372\300\227&\214\230"..., 152, 0, NULL, 0) = 152
recvfrom(15, ":l1\3157\212\36\255\317\346l{\330\20\26\210\2319P0\34\33(W\312\321H,\1777\233\200"..., 8192, 0, 0x7ffec64118a8, [2048->0]) = 36
recvfrom(15, "\226\220\375Q\4r>\2448\377iY\373\\/J\273\31\320\213s/Jl\264\310\317<(\377`k"..., 8192, 0, 0x7ffec64118a8, [2048->0]) = 104
--- SIGCHLD {si_signo=SIGCHLD, si_code=CLD_EXITED, si_pid=12082, si_uid=1000, si_status=0, si_utime=0, si_stime=0} ---
--- SIGCHLD {si_signo=SIGCHLD, si_code=CLD_EXITED, si_pid=12089, si_uid=1000, si_status=0, si_utime=0, si_stime=0} ---
--- SIGCHLD {si_signo=SIGCHLD, si_code=CLD_EXITED, si_pid=12093, si_uid=1000, si_status=0, si_utime=0, si_stime=0} ---
--- SIGCHLD {si_signo=SIGCHLD, si_code=CLD_EXITED, si_pid=12097, si_uid=1000, si_status=0, si_utime=0, si_stime=0} ---
--- SIGCHLD {si_signo=SIGCHLD, si_code=CLD_EXITED, si_pid=12101, si_uid=1000, si_status=0, si_utime=0, si_stime=0} ---
--- SIGCHLD {si_signo=SIGCHLD, si_code=CLD_EXITED, si_pid=12105, si_uid=1000, si_status=0, si_utime=0, si_stime=1} ---
--- SIGCHLD {si_signo=SIGCHLD, si_code=CLD_EXITED, si_pid=12121, si_uid=0, si_status=0, si_utime=1, si_stime=0} ---
sendto(15, "\215\315\25y\177\306#\356\34\333Fy\235\374\0250\232\364\237\222=@T\315j\276K=\316K\363\350"..., 120, 0, NULL, 0) = 120
recvfrom(15, "7\271\345\32\333\257\312\262\207\5\17%\336BL\3734\1\243\35C\221\16W\233\rg,\373\n'\6"..., 8192, 0, 0x7ffec6411918, [2048->0]) = 52
sendto(15, "\211K\f:V\1\263&`\234^!\205\272\376+\272`\233\312<,\347\224\316\177\276\374[\2772J"..., 52, 0, NULL, 0) = 52
recvfrom(15, "U\220o\fy&[\245\357\243\27\304\363EA\253F\276\254QKW\r\6\237\344\253\210\33\377\v\351"..., 8192, 0, 0x7ffec6411918, [2048->0]) = 88
recvfrom(15, "\374\270\262\3563B\256[\324\330\322\345\320 \17]5K\362%\\\255Q\372\217\245L~U\342\375\253"..., 8192, 0, 0x7ffec6411918, [2048->0]) = 36
recvfrom(15, "\363\210A\237\34\224\335et\250]\22\31$\241\355\31\37Xq\35q6H\32\372\307R\r\210\247U"..., 8192, 0, 0x7ffec6411918, [2048->0]) = 104
sendto(15, "@/<E\250\310b\343\1V\0357EUQ%|\375\325\320\210\320\267{\316\7K\354\360\263\327v"..., 120, 0, NULL, 0) = 120
recvfrom(15, "*\304>\355\237>\17nW\323\200\210+ \254\254C\324?\26\302x1\34\227BE\200\251\272\243\371"..., 8192, 0, 0x7ffec6411918, [2048->0]) = 52
sendto(15, "\242b\215\202\343\2267\236\365\"BCd\232\2470\264WQ\220=\237\36D\17Y/\4\32S\303\37"..., 52, 0, NULL, 0) = 52
recvfrom(15, "\325$\20\345\203\323\10r}\214Bt\31\"\340.r-\227\304\325\33\nI\10\261@'$\216\325\363"..., 8192, 0, 0x7ffec6411918, [2048->0]) = 88
recvfrom(15, "\323~\264c\313\337\262v\223\f\25b\354\351\343\213\351L\363$pJ\2\6\231\350b\4wX\t\v"..., 8192, 0, 0x7ffec6411918, [2048->0]) = 36
recvfrom(15, "\250z\306\221\2\243\f\332)\231C\307Q\4_c\375\261\236+ylA\24\7y/&\334\200\211\n"..., 8192, 0, 0x7ffec6411918, [2048->0]) = 104
sendto(15, "\365\334\303\210\326##\361Y+\f\360\360\303\367\377\370\30e\321\225\372_\20}F\214\257&v#I"..., 120, 0, NULL, 0) = 120
recvfrom(15, "\325\203\212>\32\36\255:\370n\343\252D/z\231C$\333\356G\364\257\3\376\346\212s\251|\247\26"..., 8192, 0, 0x7ffec64121f8, [2048->0]) = 52
sendto(15, "\7\231\222/\313\263i\346\331V\376\316\360X\217\30+\204_\321\2621\337\264\270\370\365U\4*\235\177"..., 68, 0, NULL, 0) = 68
recvfrom(15, "\220\245\232~\232\10\335\310\256\22Y\37\360\247@\225\36\267f3\300GM?\300\207\211\244\242\f\263\20"..., 8192, 0, 0x7ffec64121f8, [2048->0]) = 88
sendto(15, "\256\274\21\253\240\255(\2\226\242\214y\32\n\r\23\2778\177\6A\332\5\326\204\313( \263JpT"..., 120, 0, NULL, 0) = 120
recvfrom(15, "vV\344i)\224\324m\325DE\211\16-\5q\272f\250\355@I\25\203\241\353\5\5K\7\177\207"..., 8192, 0, 0x7ffec64121f8, [2048->0]) = 36
recvfrom(15, "\327\300\10\236\213\310\227z\307I8U\25\24|x\247\331\273+V\22\356@\277\4\300\252\201\227\0b"..., 8192, 0, 0x7ffec64121f8, [2048->0]) = 104
sendto(15, "\274\345\5Tcb\316\215u\341_\234B\t8^p\204\255\f\272\232\263N\361\370p\266%\220\255\35"..., 120, 0, NULL, 0) = 120
recvfrom(15, "\201\345\5*}\250\n4\203\3600\332\327\32\256I\307\215\262\330\266\201k\5\34\235NSL\223\372\204"..., 8192, 0, 0x7ffec6410488, [2048->0]) = 52
sendto(15, "\364\212\2732\215!\6N\310\274\34\20\205!\365\342Ta\r\272\37\347[:h\376\217\3019\361\372\334"..., 52, 0, NULL, 0) = 52
recvfrom(15, "{\246\337\243\3035\222\225\3434\212\4D\240\26\370\250Y\345.\7zt\275;<pM\221\253b\r"..., 8192, 0, 0x7ffec6410488, [2048->0]) = 88
recvfrom(15, "\236\\8\214\362\205H\33\332\211\\44\36H\253\25\274\225$\373\330\307\364p\326\4\2\0318\277\r"..., 8192, 0, 0x7ffec6410488, [2048->0]) = 36
recvfrom(15, "K\257\271\3#\222\375\342\351\3\266\221%\302\203p-\23\302\213\31\352\372_zq\205K'\277\305\356"..., 8192, 0, 0x7ffec6410488, [2048->0]) = 104
sendto(15, "\n6\374~\2103'\7\32\330\251U\22\326\230\257Y;\3609\303\357qY}\\\373\225\332>\270\366"..., 120, 0, NULL, 0) = 120
recvfrom(15, "\375\"e\376\206\305\230z\32\272c\236J\307\320\23\302x8\317\25v\371\235\264cz\353\274\306\333\315"..., 8192, 0, 0x7ffec6410488, [2048->0]) = 52
sendto(15, ">\201\266\226\352v\3564\350\0\200/R\261\253CC\231\375-\237\373\253\322\31\252\211\252\345r\301\265"..., 52, 0, NULL, 0) = 52
recvfrom(15, "\277~\250[\214\260\327\273#\333\327\344,G\7[\3136J\374\16\263\210\327\36/\324\361\6N\214\245"..., 8192, 0, 0x7ffec6410488, [2048->0]) = 88
recvfrom(15, "\364\214\221\346\204e\247\313\t\35S\373\241P\232|\213\351\241\342g\336h\34?\316\210\224P\231<D"..., 8192, 0, 0x7ffec6410488, [2048->0]) = 36
recvfrom(15, "\2\24\232\265P\240\177\247\323\254\244\20\210C\220\26s{\310\346m\354\4J\4\336\335%\356\213\315X"..., 8192, 0, 0x7ffec6410488, [2048->0]) = 104
sendto(15, "\352\323wg\351\324M\r\200\10\6\372\361gL\220\243\31\203\343\241\240}G\265\317yp\300h\236\306"..., 120, 0, NULL, 0) = 120
recvfrom(15, "\332\376\2248\237\32\2\301\2040nU\267,r\10\332\363c{n\263\303OW\210}\212,EI\325"..., 8192, 0, 0x7ffec6410d68, [2048->0]) = 52
sendto(15, "|\223\373}\33\204|=K\313\264\365\373\343\33\261\255\257\310\33$\202\207\25\242lz\227\213\324\325\1"..., 68, 0, NULL, 0) = 68
recvfrom(15, "\216f\357p10\246\364\323\310\6\264K\273\366\226\17F\376\260Ah\254x\v\245\275_\250n\\\253"..., 8192, 0, 0x7ffec6410d68, [2048->0]) = 88
sendto(15, "\326\256q\211W\225{\260m)(\371\202\234\271hHD\31\327\315U|\320\253>\362\253x\304\16O"..., 120, 0, NULL, 0) = 120
recvfrom(15, "\243n\300\243ux\267\354\331vP\202\351\204g5\375\322UFd\206\273\337vJb\4\2018\370\241"..., 8192, 0, 0x7ffec6410d68, [2048->0]) = 36
recvfrom(15, "\212\177\316]\321\236\350\346\00412f\206\\f\243\356)\266\364\367\203\260\354\206I\347\232G\5\350\313"..., 8192, 0, 0x7ffec6410d68, [2048->0]) = 104
sendto(15, "{Q\333\3717\rh\260\264:\327\232\351\355\210\270\21\203\255H\202C\263\367\323H\356{Y\251VX"..., 120, 0, NULL, 0) = 120
recvfrom(15, "\177\364\"\201\226\337\203N\343\243\230\205\232\365\np\302\224\32\34\1\211\323}tp>\247\340\32t\30"..., 8192, 0, 0x7ffec640fb38, [2048->0]) = 52
sendto(15, "\353R\256\23%\3352`\367\32\1\206>\35<\33qYT\377\252\246\347&-\307\16eNHJ\304"..., 52, 0, NULL, 0) = 52
recvfrom(15, "\340\22o#\355\275\377\350\355.\31\31\315\261F\344\256`\234\252Lj\370y\361h\312\334e\30\201\344"..., 8192, 0, 0x7ffec640fb38, [2048->0]) = 88
recvfrom(15, "^W\32l\246Z1n\256R*\371i\333;j\330iQ\236{\21\234\33\252\211\303z\243Te\213"..., 8192, 0, 0x7ffec640fb38, [2048->0]) = 36
recvfrom(15, "\275\226Z\223\7\351d\251l68\23*C\277\227\367JU\"14\311\0\215\324\31M\327z@\363"..., 8192, 0, 0x7ffec640fb38, [2048->0]) = 104
sendto(15, "\242U^\203\\\0\333\250\f\t\215ax\260\370\267\6\242J']\370\215\301\340\312\v\335\3535\203\t"..., 120, 0, NULL, 0) = 120
recvfrom(15, "w|\304p\241\4w\27\245\3736\274\216\236]\356\210\f\225\16j\333\204\277`\350\372\235*\331\305\364"..., 8192, 0, 0x7ffec6410418, [2048->0]) = 52
sendto(15, "\304z\25\330\373?\262B\33\311\373LH\322\276\27\274\371G(\341\214DW\226>\346\247,\333\352\5"..., 68, 0, NULL, 0) = 68
recvfrom(15, "\314B\250\343\347+:\276n5\236W\325\0\37+\32\204U\230\16\341v\203\312\240/[r(Z\375"..., 8192, 0, 0x7ffec6410418, [2048->0]) = 88
sendto(15, "\351\320L\301l\213\304\33S\261Q\37279\34\v`\300\215\372\367P\320\256\341\33\vJ6-[\330"..., 136, 0, NULL, 0) = 136
recvfrom(15, "\17\331\207G\263`\221\34\2608\2640I\t\30\232\3256i\24\311\265i\257!Y\345\254K\223&\360"..., 8192, 0, 0x7ffec6410418, [2048->0]) = 52
recvfrom(15, "a\267E\235V\24Wf\fP5t\\(\343\351a<[\356\30\346\247\350\345\322\241\263\364R\250\211"..., 8192, 0, 0x7ffec6410418, [2048->0]) = 52
recvfrom(15, "\366\371\310\321\276\36\203\36]\nC.\234\363\376/V&\275\3275\274\345\257$\21F\353U\337Cb"..., 8192, 0, 0x7ffec6410418, [2048->0]) = 36
recvfrom(15, "\333\216\7X\316;\16\304 \255\243b\37n0\253\373\337x\254{\267Q\260\334\302\365\215\1\263@g"..., 8192, 0, 0x7ffec6410418, [2048->0]) = 104
sendto(15, "P\347\220E3\237\234\367\224Z\313\361B\331\332\5\252\303\206\347\255&\7\313L(\200\337?\363\306\37"..., 120, 0, NULL, 0) = 120
recvfrom(15, ")\24i\346\214[\304\200\316\"P\241\247L\216\376\347P\347Rc(\326\317\245\22\212_\275\262 \304"..., 8192, 0, 0x7ffec6410488, [2048->0]) = 52
sendto(15, "\222\341\327\267\340\243ruP\264H\353\361\31\".\275\265\236\331m\367\334\256\n\346\270\274ta\311\320"..., 52, 0, NULL, 0) = 52
recvfrom(15, "\323\3\260\254\203\332\30w\203t\242\314*z\276\347\327K\f\351\326\21\333\177\250_2\3\2638\311\254"..., 8192, 0, 0x7ffec6410488, [2048->0]) = 88
recvfrom(15, "\373e\2244\275v-GK\33iz\265\2049o\\XT\256\277.Js\246,\0356\303\t\322\341"..., 8192, 0, 0x7ffec6410488, [2048->0]) = 36
recvfrom(15, "\25\t\351\7*\235CR\223\277\373\357\333B\203\317\261\216\336\20<GX\303<\3222\313\350\234\301\236"..., 8192, 0, 0x7ffec6410488, [2048->0]) = 104
sendto(15, "X\230c\2364'\360\360\24':Z\271\225\323\325\311]\2Z R\\\332\252\323\266\362m\235=C"..., 120, 0, NULL, 0) = 120
recvfrom(15, "PP\310\366\324\326\220\1\251O\216\230\250C\356\307\5X&\352\271\253\254\220c\347#`IM\335\204"..., 8192, 0, 0x7ffec6410d68, [2048->0]) = 52
sendto(15, "\36\235Qtn\1\254d\203\347\241\324\207P;\345\274l\323\323\222\337\302\252A\226\316B\3759n\340"..., 68, 0, NULL, 0) = 68
recvfrom(15, "\7\355\333<\262\204i\346*\354\341\256z\213\257%\272\211M\1\256O\340?0\4\200Q\260\252\26\32"..., 8192, 0, 0x7ffec6410d68, [2048->0]) = 88
sendto(15, "eAvA\344\227\271\306C\252L\323\225\7\33\257d!\237\211rK\4h\244[\301}\\\2706."..., 136, 0, NULL, 0) = 136
recvfrom(15, "(\204L\251\304\32\203{\377\316<@\221\277\236;\303\314\177>\f\270\237\t[G.;\315\247\253K"..., 8192, 0, 0x7ffec6410d68, [2048->0]) = 68
recvfrom(15, "b\327\2Y\273\375\275\214\376\365\220\v\264F\214{#u\204\235\32\244\0376b\226*\1%N\217\262"..., 8192, 0, 0x7ffec6410d68, [2048->0]) = 36
recvfrom(15, "\20\2\24\345\264T\354 \301xI\322\226\217\355\317\345\375\367\21\205Q\353#\360\304\276\313PG#\275"..., 8192, 0, 0x7ffec6410d68, [2048->0]) = 104
sendto(15, "u\274R\265\234\32\\s\372\270C\326\6\304\340j]\33\276\306\241\224\263\340=\27\"X\255o)\313"..., 120, 0, NULL, 0) = 120
recvfrom(15, "G\207\256l\350U\16f\33\303^G\34j\347L\23\302\250N(q\372\274\257j\365 Xh\374\372"..., 8192, 0, 0x7ffec6410488, [2048->0]) = 52
sendto(15, "\35\356\313;$\23&v{\220\262Rrq\301\361\2Dx(}\305\37Le\373\336\371fP;\266"..., 52, 0, NULL, 0) = 52
recvfrom(15, "\213=\207\255\264\374\210\352\343-\3345\261L\331P7i\244\24\23\32\347{^\203>\3264;\202\245"..., 8192, 0, 0x7ffec6410488, [2048->0]) = 88
recvfrom(15, "\217$\7b\222>d\346N\232V\347%U\254\212\263\320\7\233*\33k\346\226\221\24\315Y\350\367\\"..., 8192, 0, 0x7ffec6410488, [2048->0]) = 36
recvfrom(15, "'\275\25\372J\265Vr\202>\10\34\17\255\3142\261\276\260\274\306vP\256o7>\20M5\344x"..., 8192, 0, 0x7ffec6410488, [2048->0]) = 104
sendto(15, "\222\24\314tS\3260L\30\377\234T\345+:\21<\30\353\367P\341kg#*\4\333}\233\225\257"..., 120, 0, NULL, 0) = 120
recvfrom(15, "\245\367\304q\34\rF\r4{7\315r\r\316\243'($\v\270/\263]\256\250\350r@$J\325"..., 8192, 0, 0x7ffec6410d68, [2048->0]) = 52
sendto(15, "t\361!\203\232\336\370\360_\265\311Ma\374\10-M\2563\31\316\216U\316\34\374\244\177\207{\256O"..., 68, 0, NULL, 0) = 68
recvfrom(15, "j\21\201\204G\274\373\330\304\255\377n\312\5\215l\350!\3345N\354\0\rA?\240h\240CX\243"..., 8192, 0, 0x7ffec6410d68, [2048->0]) = 88
sendto(15, "*:\367M\371J\3408\311\315.\257\223d\232\27\0047\247\260N\2\3523\310\335\341\202}E\350\217"..., 216, 0, NULL, 0) = 216
recvfrom(15, "\356\302\200\37\303fW\365\223\277\201\262$xsm\352\316\246\10\24mb\323\304p.\336\177\0276\205"..., 8192, 0, 0x7ffec6410d68, [2048->0]) = 68
recvfrom(15, "SU\214j\317i\236\275\255\274\34\7;\177\302\211\3\353*g\227\317D\354P\261C\10Y6D\22"..., 8192, 0, 0x7ffec6410d68, [2048->0]) = 84
sendto(15, "\376v\320b_7;`|d\324\205D\24\251\202\364\273\373]1\234\357\377?\36\311XkP~@"..., 1700, 0, NULL, 0) = 1700
recvfrom(15, "\310\306\377\22\305\253b\263|\317\251L\0\222;\251\231\275Ss\251\323\361z\207\376}\262-\261\302\37"..., 8192, 0, 0x7ffec6410d68, [2048->0]) = 36
recvfrom(15, "\22547+Y\245fB\207\340\32`\344\200\234\244\267\272GL\241I\20\362g\211\321 \24\333\260\226"..., 8192, 0, 0x7ffec6410d68, [2048->0]) = 104
sendto(15, "\0\2266\265\223\346&\365\243\356\354\327\225Uy\1\342\253\356n\2340\0340YX\223B\16<\227\314"..., 120, 0, NULL, 0) = 120
recvfrom(15, "S\324s4\211<\370\305*\233\230\16\2369\354\243;\205\265=\326G\220\266\254;\250\321\353V9\243"..., 8192, 0, 0x7ffec6410488, [2048->0]) = 52
sendto(15, "\347\215\217\27jz\4\234\206\325\224\362\247\230#\272\2046\234\37\275\202?o\301\276\210\333\211\351\305\245"..., 52, 0, NULL, 0) = 52
recvfrom(15, "J5\25fl\252\260/\202\347\334:\3339\6\311>\375Ma\232s\f\366\2021sqX`\306I"..., 8192, 0, 0x7ffec6410488, [2048->0]) = 88
recvfrom(15, "\326Y\300|J<\331\26\357\257\207[\260\212Rs\222%.\335B\\\255\276xO\212|\362\301 \34"..., 8192, 0, 0x7ffec6410488, [2048->0]) = 36
recvfrom(15, "6\371\234l<\371i\2607L{\r@T\"\222B\"+\302e\34\376\7i\204\261Z\233\255b\241"..., 8192, 0, 0x7ffec6410488, [2048->0]) = 104
sendto(15, "\227<2\207)\3e&\37g\271&\314\222\356\257\303\n\237\376A\270?\312\331\341=\225Kt\330\20"..., 120, 0, NULL, 0) = 120
recvfrom(15, "<\312\36O\241\255\326\273\32\301\272\253(\\;\220]\0\252\217\277\n\324b|\201\321\37\245\253\375\333"..., 8192, 0, 0x7ffec6410d68, [2048->0]) = 52
sendto(15, "\260\6n\26\270\374\227\242\365Hb\6\271[yt5\2223#\305\n\350\316\273\323.\374A\17\315\250"..., 68, 0, NULL, 0) = 68
recvfrom(15, "\271\221\1779h\306\307\310\222\242\300\272\222m\25\223A\327\3\326\"\333\231\265\304\267\0253\303\310$N"..., 8192, 0, 0x7ffec6410d68, [2048->0]) = 88
sendto(15, "TRVQ$4\215\243\270,\220\201\266\217P{\n\355\266\21&k\304\10\331\232l:\364\263\30R"..., 216, 0, NULL, 0) = 216
recvfrom(15, "\37$\250\214tLq\311S{y:\32\305.~\356\35\22\263\346\371\352\f\246\320;9H\204\31\361"..., 8192, 0, 0x7ffec6410d68, [2048->0]) = 68
recvfrom(15, "'\233\27@!\237\320\2500\307\1q\263\2623\2030A-\266o\353qE\234\205z\214\345\316n\377"..., 8192, 0, 0x7ffec6410d68, [2048->0]) = 84
sendto(15, "\202\244\37e\35\304z\251\347\31\277_\372\367\334\346\2\361\305b\257\264\300b\235\212\4\306x\335\253\24"..., 1700, 0, NULL, 0) = 1700
recvfrom(15, "X\370\2132\365\375\261\376%\312\234\n*\234i`\346\342\vJ\235\307\tI\351Q\31P\3\242a\333"..., 8192, 0, 0x7ffec6410d68, [2048->0]) = 36
recvfrom(15, "\264\337\177\33\377[\322)\340\305G\236\34\35\271?{\7lL\370\17\353\271v\37i\315F\5\232\263"..., 8192, 0, 0x7ffec6410d68, [2048->0]) = 104
sendto(15, "\314\302]\321]\10\37\202\1\207\26K\354\362R\3P\252.1\217-\207\254h\272\330\16\1\376X\10"..., 120, 0, NULL, 0) = 120
recvfrom(15, "\374p\334\3\32v\377\323\261\327A\tD\25\235\5hM\247a\7\315\210\371\301X\v\201Ci\204\260"..., 8192, 0, 0x7ffec6410488, [2048->0]) = 52
sendto(15, "\"\232j\245\366\6\325^7\212\323\177O\2n\26\307\230l\261\344\230\315PM$\202b2p\16\\"..., 52, 0, NULL, 0) = 52
recvfrom(15, "\350A\261@\361#d\236\3669\316D\253]\37\n\21\n\312D\331\346\361\337^\207\245z\4v\224\27"..., 8192, 0, 0x7ffec6410488, [2048->0]) = 88
recvfrom(15, "\256\371\270\336-+d\332f\360\363\317HrTc@\4I\303\207\35\247*\212\375\200o[+G\340"..., 8192, 0, 0x7ffec6410488, [2048->0]) = 36
recvfrom(15, "k\300\6\310\323\355\313P\325\250\351d\3\303p\314\203N\322z\261\3529\217#nZ\226\305\371&\277"..., 8192, 0, 0x7ffec6410488, [2048->0]) = 104
sendto(15, "V\365myX\36\313E}\232R\2759\276,\306\313\354M\215\306f\273*c9\n\316T\22\266\5"..., 120, 0, NULL, 0) = 120
recvfrom(15, "\356[\t:\371/\255\320\301\206B\255\r\243\241\342\245\210W\265\271\216F\335\266\25\25\226ni\201\335"..., 8192, 0, 0x7ffec6410d68, [2048->0]) = 52
sendto(15, "\241\360(\350~W\31\36\255$\221G\311\v&\7V\210\333\n\361\243\30\375,\321\263a\232\324\20\366"..., 68, 0, NULL, 0) = 68
recvfrom(15, "=\352\235\260[\260h\363\223\226Z\221`\360\21\244\26R\370\t}\231\356\273\na\321 vj\36y"..., 8192, 0, 0x7ffec6410d68, [2048->0]) = 88
sendto(15, "\332\26\317\225k\16\25\350\365\36\374q\4h\373\276\32E.4\3048\232\244\3\250\324\314\37\345\330\6"..., 216, 0, NULL, 0) = 216
recvfrom(15, "\375v\0(\277\323\26#41\374\344\305\1\265L\247\303$\240\325\37B?\256\235\tuI95q"..., 8192, 0, 0x7ffec6410d68, [2048->0]) = 68
recvfrom(15, "F\223L\317ZK\\]\0028Fz\226\312e\321\22\370\371[%\365\307f\372R\351\vm\37532"..., 8192, 0, 0x7ffec6410d68, [2048->0]) = 84
sendto(15, "\t\n\232h\0244\2\215f\314\324\243-\260!A\326\223\32/\365}Lv\35\330\337\357\363:R\206"..., 1700, 0, NULL, 0) = 1700
recvfrom(15, "\225\306\n\5\21\361@R\231\36j\351.\21g\327\224\r\231\16\256\226\177\31\345O\25\313\177MK\250"..., 8192, 0, 0x7ffec6410d68, [2048->0]) = 36
recvfrom(15, "l\355\332\300\212O\254\364\322\0041\267WU\335AR<s7AS\275\242`\206ED\253e$g"..., 8192, 0, 0x7ffec6410d68, [2048->0]) = 104
sendto(15, "\v}\350/\37\257\305\306\365nD^\3U\226l-KxVcNG\367>\342\376&\245\234K\276"..., 120, 0, NULL, 0) = 120
recvfrom(15, "\316\244\341\266\347\24\7\322\24\236\325\252j|\230\207j\276\32\240|\236\344\346\305\204`.\237\234g\3"..., 8192, 0, 0x7ffec6410488, [2048->0]) = 52
sendto(15, "\273\0\334\253\372Q\343i\360\23o jN\225)\367\277\246\1\261kq\331\263\245s\366\330\213\2\21"..., 52, 0, NULL, 0) = 52
recvfrom(15, "5\265e\226\346SP((\370\240\366\200\307P\233o\273\366r\25=kz&{u\337[\f\217a"..., 8192, 0, 0x7ffec6410488, [2048->0]) = 88
recvfrom(15, "\27\351 c\312\2B?F\204E\311\0334Tu\207P\345LtH*\241\361d\221\331\227\337\243q"..., 8192, 0, 0x7ffec6410488, [2048->0]) = 36
recvfrom(15, "3\37F\231V\355[\v#\251w\23\247\34q\317\377[\32\276\226\371m9\312\22\\w\351?J\237"..., 8192, 0, 0x7ffec6410488, [2048->0]) = 104
sendto(15, "\217\337\355MD\346\310\310H\315\206l`V-\r\177\242\226\347\2364\35d\232J\7\4c:\21\216"..., 120, 0, NULL, 0) = 120
recvfrom(15, "9u\274\334O`\f\0202\220\352\352\n\31\350\302\233\f\215\272Ij\333N[w*\247\275,\6\221"..., 8192, 0, 0x7ffec6410d68, [2048->0]) = 52
sendto(15, "hv\2441\374\353D\330\346O\264\310s\226\233\222b\272\341\355/z\331C\36o4r\244\217\263\302"..., 68, 0, NULL, 0) = 68
recvfrom(15, "8s,\333n#M\6\303\320g\354S\320\365\244^\r\260z\300\371I\200\317{\203IZ!X\333"..., 8192, 0, 0x7ffec6410d68, [2048->0]) = 88
sendto(15, "l\301\265P\340\20A\207\351\243\356\347\305{\270\3\243\335ZI\200\343D1|z\203|\351\32\5\275"..., 216, 0, NULL, 0) = 216
recvfrom(15, "\366Rpz\303\262J>\340\322\306\177\245v\2642\217d.\233{2`\337\31\2265^&G\0\335"..., 8192, 0, 0x7ffec6410d68, [2048->0]) = 68
recvfrom(15, "t>h\0ca\304\371\f\274\200\322\"\33\220\t\375x\261\342\35\347\241;\ns\336\316^\254\270&"..., 8192, 0, 0x7ffec6410d68, [2048->0]) = 84
sendto(15, "\31\344\23\346\301+vU\321%\333h\317\235\340\242Qe\254\\\330\367\257O\276\207C\32m\250\203\271"..., 1700, 0, NULL, 0) = 1700
recvfrom(15, "\221\271\352z\320\250AZ\377\17\207\370\227|\200x\230\372\330\310\362m\376\204\177ml\5.\347\355\254"..., 8192, 0, 0x7ffec6410d68, [2048->0]) = 36
recvfrom(15, "\226`w\361\202G\314\307\227\322\323\2116?_@e\5fj\371\356p\25\263\321H,\2\377\301\31"..., 8192, 0, 0x7ffec6410d68, [2048->0]) = 104
sendto(15, "t\317\33\225\376\310\v4\200\20\376a\261\354\346\357\251a\361\347D@\262\n\235m\275\236\36V\251\2"..., 120, 0, NULL, 0) = 120
recvfrom(15, "j\326\6\237?\244\202\351O\230\361\304\30\355\25fm\22\210}\255R\\\0041\f4w\353 r\365"..., 8192, 0, 0x7ffec6410488, [2048->0]) = 52
sendto(15, "\200XE\372\33X\201(\371O!\240)\333\310A\204\241\316\353\336\2047y\360\270w\0\336'\353@"..., 52, 0, NULL, 0) = 52
recvfrom(15, "L\314\200\334\361O4\n\347F\376\236\356\220\\\330\236\302yp\330\27\200 \260u\225\315\240\301J\2"..., 8192, 0, 0x7ffec6410488, [2048->0]) = 88
recvfrom(15, "YWN\250M\363}\33\3104\341\332>\210;\210z\235\f7~\222\223Z\307j\251>C\360\331."..., 8192, 0, 0x7ffec6410488, [2048->0]) = 36
recvfrom(15, "\327N\306wu\220\3327D\316\200\221C\356\26\227\36\244(\242\313\302\353\262\10\271\227+\251\275rX"..., 8192, 0, 0x7ffec6410488, [2048->0]) = 104
sendto(15, "\203Z\17e\6zy\363\301 \372\n\36\322\275\2600z\373(J\247\270\230\245~\346@\200\263w\231"..., 120, 0, NULL, 0) = 120
recvfrom(15, "\227x\230\272OiH\313{\254\367\226z\266\304\353\246\2561\352\352\177v\357\276 ]\330-n`\330"..., 8192, 0, 0x7ffec6410d68, [2048->0]) = 52
sendto(15, "\277l\0102c\306\222? \26\244v`\321\255\3\363\274E\312\2130>\327\234\346\375H\260z)E"..., 68, 0, NULL, 0) = 68
recvfrom(15, "\35\16\350\6'\371\326\264\10\20.\31\2531]\35\26\22ts\276\273A\256\234\312\222\352S\2468s"..., 8192, 0, 0x7ffec6410d68, [2048->0]) = 88
sendto(15, ":(\324\1\334\33\3565\363\203\253\332\374\272@Y\16X5\3573b\337\341\356\203\342\241\235\306LJ"..., 216, 0, NULL, 0) = 216
recvfrom(15, "?i&\247\210\226\2721\276\24\377\22~\37\277&\245Y@\374\364\0K\225\302\246\321f\225Xf|"..., 8192, 0, 0x7ffec6410d68, [2048->0]) = 68
recvfrom(15, "\321*\273\324F\224M\210\33a\335\177-$\217<\341\311\373\307\332ik\320\342qj\374\344\364\21\367"..., 8192, 0, 0x7ffec6410d68, [2048->0]) = 84
sendto(15, "\333A\324x3\32\4\26-\216\233\20\27\250\322\220n\21\374B\344\5\347)\255\253D\251V\22\375\225"..., 1700, 0, NULL, 0) = 1700
recvfrom(15, "\253|\221\6!\237\32\35\320e\232 =\2462TP\337\363\302\326a\206n\235\342\22\331[\274m\375"..., 8192, 0, 0x7ffec6410d68, [2048->0]) = 36
recvfrom(15, "x\236\7\1\361m7)\312\312S\0C\327\201*k\263 ?\274\371<\377\247\r\rZ_\5\34\304"..., 8192, 0, 0x7ffec6410d68, [2048->0]) = 104
sendto(15, ">/\235\1]\235\247\322\372\245\330\26\356_\342\363[\204\263!\277s=\345\2\264\271\210Q\354\321w"..., 120, 0, NULL, 0) = 120
recvfrom(15, "\201\263\257\212 \2\361*\327\226\200\261\302/N\350\205\212{\26u\366\222\6in\32-\3\376Ww"..., 8192, 0, 0x7ffec6410488, [2048->0]) = 52
sendto(15, "z\33gm\361\324\357\23\273\vV\201z5e\221\370\250\352\35\36a\241\341<\234}\27h`\24\332"..., 52, 0, NULL, 0) = 52
recvfrom(15, "\24&\6\253\223:\243E\243:<\342\362\314\4F\221\214\372\323\310\333\257`\\\220\n\363w\5H\254"..., 8192, 0, 0x7ffec6410488, [2048->0]) = 88
recvfrom(15, "!e\330\246\10\0\26\200\306\370s\245\336\257\220\306\3574S\203`\f\302)z)J\306,\353\221\242"..., 8192, 0, 0x7ffec6410488, [2048->0]) = 36
recvfrom(15, "&i\252\20\307-{\355]\327\17\3\242\274\355H>5W\f\331\35\r4\274\277\366j\235\323G\263"..., 8192, 0, 0x7ffec6410488, [2048->0]) = 104
sendto(15, "\262\37\232\350:\234\215.\356\3641\30\274\223/w\214\0\336;\351\320q\242\270YL\25\30\n\355z"..., 120, 0, NULL, 0) = 120
recvfrom(15, "?\206L7zOBVcr\210\0319\370\275i\271\237\\\333\304Ym\36\366E\31\375\275\215F\314"..., 8192, 0, 0x7ffec6410d68, [2048->0]) = 52
sendto(15, "\315\353\223k\3523\25\241m\35m\352\204\336[\5\2742\333\307Z:n\vh\330u6\4\216!\321"..., 68, 0, NULL, 0) = 68
recvfrom(15, "'wFE\332P{\231\261\243'\361\263\20\03584\222\303\270\315\322\5~\233\234Q\17,\301\257T"..., 8192, 0, 0x7ffec6410d68, [2048->0]) = 88
sendto(15, "\205\245%\250h\210\276\273?\204?0\335G\26\305\343\240\20w\203\344\306Z$\0300\232\252\210:\3"..., 216, 0, NULL, 0) = 216
recvfrom(15, "5\353\375E4\206\251Q\253\331_\220\310%m\351\351`\256m#\304\200\370\250\27\324\30\356\17$\354"..., 8192, 0, 0x7ffec6410d68, [2048->0]) = 68
recvfrom(15, "g\313\251{\345\313\25\315\21\316\265i\353\230\264\263\310\0\"\201Qj\321b\224b\324l\30\232\205\221"..., 8192, 0, 0x7ffec6410d68, [2048->0]) = 84
sendto(15, "c\271\21\273\23m\33$\23^p#\310'\f\206B\206\10\34\263\212)KY\vw\17\211\336\357\300"..., 1700, 0, NULL, 0) = 1700
recvfrom(15, "s\363\270tL\350\375\226O\360\352\273\337h\206\237\373\253\306?0t\3573\215\326\354\220G\206^\316"..., 8192, 0, 0x7ffec6410d68, [2048->0]) = 36
recvfrom(15, "\v\17\354\275\272,\275a\r\365~\35\371M\223\21\201N\"\253+\354\350\361\250\323 |*\345\244\216"..., 8192, 0, 0x7ffec6410d68, [2048->0]) = 104
sendto(15, "[ehK\300\333\261y\177\373>\265\2567?\247\207+\337S\207\222z\333\3126n\37Yu\367l"..., 120, 0, NULL, 0) = 120
recvfrom(15, "\301b\254\"\257)\365\215\25\327\205\314\364\223\241\237\211\313\256\21,\237B\34$\24\234\201\347\353$\30"..., 8192, 0, 0x7ffec6410488, [2048->0]) = 52
sendto(15, "6\364\25\316\3449d\365\344\37\3019)\317\205u\363f\356pV\231l\366\245\313yk%\21\312\265"..., 52, 0, NULL, 0) = 52
recvfrom(15, "\354\302\235\374\16\354\220\336\326%uV\214a\247\204\16\r\1\315K\245\252\330\320S\20\344l\251!\0"..., 8192, 0, 0x7ffec6410488, [2048->0]) = 88
recvfrom(15, "\373\327\343\247I\2551M\334\22*>`_K%v1\16\35A\3:\24\345>\266\30\200\0176\241"..., 8192, 0, 0x7ffec6410488, [2048->0]) = 36
recvfrom(15, "\311V\231\364\0\302\332f\342`f\377=\5\345I]\253[37\303f\240\360\335z$y\5\1\241"..., 8192, 0, 0x7ffec6410488, [2048->0]) = 104
sendto(15, "\220\332\311kI\10\233y\274\255X\226\304\271\354\247\7\360\220.\207\211S\16\347\4\"z\232\254\233\r"..., 120, 0, NULL, 0) = 120
recvfrom(15, "\323U\374\331u\214Q\310\33I\231\355p\325}C%\270\3639\370X ~\212\316\10\vE^\201v"..., 8192, 0, 0x7ffec6410d68, [2048->0]) = 52
sendto(15, "\271Y(\261\20251\345.5\214\201\3170\370\277\244A\360M\307\21}>%g\235\247\240q\r\236"..., 68, 0, NULL, 0) = 68
recvfrom(15, "2\361S\332\370\221\317\210\332\23\213\346C|\333b\236\343Z|2\325\351J\367ZrP\216\32\216j"..., 8192, 0, 0x7ffec6410d68, [2048->0]) = 88
sendto(15, "-\223\220Pe\364\254\0044\27\226.<\\F\226\361\22\253hG\"kP\225\331(\331dJ+\356"..., 216, 0, NULL, 0) = 216
recvfrom(15, "\23O\231O\204\0\313\3356\344\237\345\375_\236\3028\22\205\263[\320\266?o\275F#\344$\305U"..., 8192, 0, 0x7ffec6410d68, [2048->0]) = 68
recvfrom(15, "@[\307\"0KLe\347\354\366H\273\250\252\255:\201M\vM[\340\302\324a\3704d\230\315\243"..., 8192, 0, 0x7ffec6410d68, [2048->0]) = 84
sendto(15, "\346\271j\230\330\16\207\276\326e\310g\271)\201\234\251\373\272\236\350\217\263\331\201)\2068r\245\204\303"..., 1700, 0, NULL, 0) = 1700
recvfrom(15, "\337\20\3029\240x\235\251\303\323\202\270\372\222X\271\274\222\rt\225\367k\373R||\272\372D\314\354"..., 8192, 0, 0x7ffec6410d68, [2048->0]) = 36
recvfrom(15, "*\273?-:\317b\267\360\23\352\256\312\1F\210\352\31\204?\4\31\276f<\21\260TC\32\344\4"..., 8192, 0, 0x7ffec6410d68, [2048->0]) = 104
sendto(15, "m0\1\256\236\310~\16Lfq\237\377.Y`\"Fm\373\240eX#x\0|\326T\1*2"..., 120, 0, NULL, 0) = 120
recvfrom(15, "Y\370X[\10\21C\307\3\231\"\305\355\274\212RF\370\331}mxC\300jO-\33\3444X\362"..., 8192, 0, 0x7ffec640f9c8, [2048->0]) = 52
sendto(15, "?t\26\210[S\227\207r\240\241<(\306$\24\214\377I\\iU\3521\307u#?]\1\rZ"..., 52, 0, NULL, 0) = 52
recvfrom(15, "L\226\355Z\310E\223\263\272\2768\301\361\301\231\325\206#\257\7T@\353w\342\234U\323r\212C\34"..., 8192, 0, 0x7ffec6410488, [2048->0]) = 88
recvfrom(15, "\206\25\217\276-\346\342\305\35wx\357\331\202p\375\234\215^\206\361$QSO\215D\31\340'\230\213"..., 8192, 0, 0x7ffec6410488, [2048->0]) = 36
recvfrom(15, "\204Hm-\2701\335Nx\22:\253{\351\225\24\204r\207\20\231\360\201Az2E\323\23Q\221\10"..., 8192, 0, 0x7ffec6410488, [2048->0]) = 104
sendto(15, "\341\226\27v~\22#\31w\270>n\367Td\252\300\347\256\35t\331\n\"\210n{f}\331\24\213"..., 120, 0, NULL, 0) = 120
recvfrom(15, "\242r\310\n\3b5k\257\203\363\264w\27M/\323hv\313\"\177g\37t\37\n\342\16\203\7\253"..., 8192, 0, 0x7ffec6410d68, [2048->0]) = 52
sendto(15, "S\2248\273\320\315S\36\v;#\262>P9x \214\371\232\236\10T\222\3527\300\224@\37\7{"..., 68, 0, NULL, 0) = 68
recvfrom(15, "d\24\237\352\344\265i6Py\35`\352P\273\333/\232\264\314g%;D\177\226W\324KQ<N"..., 8192, 0, 0x7ffec6410d68, [2048->0]) = 88
sendto(15, "\205\215\n\210sc\177~#\362_\213\1gT\237\241Lmq\354\214o\227\7\t\2764XS\367k"..., 216, 0, NULL, 0) = 216
recvfrom(15, "6\225\353@\5D\244\224[>\27w\16\233\323\2516\220u\311\r9\232\245qd\366\23L\225n\265"..., 8192, 0, 0x7ffec6410d68, [2048->0]) = 68
--- SIGINT {si_signo=SIGINT, si_code=SI_KERNEL} ---
--- SIGVTALRM {si_signo=SIGVTALRM, si_code=SI_TKILL, si_pid=11755, si_uid=1000} ---
--- SIGINT {si_signo=SIGINT, si_code=SI_KERNEL} ---
--- SIGVTALRM {si_signo=SIGVTALRM, si_code=SI_TKILL, si_pid=11755, si_uid=1000} ---
+++ exited with 1 +++
